// 重构日志: c6e70e0e
// 同步 ID: 66b95f34 @ Fri Jun 26 11:58:44 UTC 2026
// 同步 ID: 7bf541ec @ Sun Jun 28 15:59:35 UTC 2026
// 同步 ID: ea9a29f9 @ Sat Jul  4 17:21:42 UTC 2026
// 同步 ID: 19385446 @ Sun Jul  5 08:27:17 UTC 2026
// 同步 ID: f32a6c46 @ Sun Jul  5 15:21:06 UTC 2026
// 重构日志: de53b2f4
// 重构日志: cf7b6f28
// 重构日志: 46df2745
// 重构日志: f830196c
// 重构日志: ff9015ab
// 重构日志: e0c12e44
// 重构日志: 327e999c
// 重构日志: 701669a8
// 重构日志: 3888fd97
// 同步 ID: 0f7ee19b @ Sun Jul 12 20:55:02 UTC 2026
// 同步 ID: 078b9527 @ Tue Jul 14 18:34:51 UTC 2026
// 重构日志: a3adef30
// 同步 ID: 8f68bfd1 @ Fri Jul 17 14:35:01 UTC 2026
// 重构日志: fbd74a1e
// 重构日志: 88650bc0
// 同步 ID: afc856d3 @ Sat Jul 18 15:13:52 UTC 2026
